<?xml version="1.0" encoding="UTF-8"?>
<testsuite xmlns:xsi="http://www.w3.org/2001/XMLSchema-instance" xsi:noNamespaceSchemaLocation="https://maven.apache.org/surefire/maven-surefire-plugin/xsd/surefire-test-report-3.0.xsd" version="3.0" name="TestSuite" time="16.505" tests="1" errors="0" skipped="0" failures="0">
  <properties>
    <property name="gopherProxySet" value="false"/>
    <property name="awt.toolkit" value="sun.lwawt.macosx.LWCToolkit"/>
    <property name="file.encoding.pkg" value="sun.io"/>
    <property name="java.specification.version" value="1.8"/>
    <property name="webdriver.chrome.driver" value="/Users/sibusisoradebe/.cache/selenium/chromedriver/mac64/94.0.4606.61/chromedriver"/>
    <property name="sun.cpu.isalist" value=""/>
    <property name="sun.jnu.encoding" value="UTF-8"/>
    <property name="java.class.path" value="/Users/sibusisoradebe/IdeaProjects/softwareTestingAssesment/automationSolution/target/test-classes:/Users/sibusisoradebe/IdeaProjects/softwareTestingAssesment/automationSolution/target/classes:/Users/sibusisoradebe/.m2/repository/io/cucumber/cucumber-java/6.10.4/cucumber-java-6.10.4.jar:/Users/sibusisoradebe/.m2/repository/org/apiguardian/apiguardian-api/1.1.1/apiguardian-api-1.1.1.jar:/Users/sibusisoradebe/.m2/repository/io/cucumber/cucumber-core/6.10.4/cucumber-core-6.10.4.jar:/Users/sibusisoradebe/.m2/repository/io/cucumber/cucumber-gherkin/6.10.4/cucumber-gherkin-6.10.4.jar:/Users/sibusisoradebe/.m2/repository/io/cucumber/cucumber-gherkin-messages/6.10.4/cucumber-gherkin-messages-6.10.4.jar:/Users/sibusisoradebe/.m2/repository/io/cucumber/messages/15.0.0/messages-15.0.0.jar:/Users/sibusisoradebe/.m2/repository/io/cucumber/tag-expressions/3.0.1/tag-expressions-3.0.1.jar:/Users/sibusisoradebe/.m2/repository/io/cucumber/cucumber-expressions/10.3.0/cucumber-expressions-10.3.0.jar:/Users/sibusisoradebe/.m2/repository/io/cucumber/datatable/3.5.0/datatable-3.5.0.jar:/Users/sibusisoradebe/.m2/repository/io/cucumber/cucumber-plugin/6.10.4/cucumber-plugin-6.10.4.jar:/Users/sibusisoradebe/.m2/repository/io/cucumber/docstring/6.10.4/docstring-6.10.4.jar:/Users/sibusisoradebe/.m2/repository/io/cucumber/html-formatter/13.0.0/html-formatter-13.0.0.jar:/Users/sibusisoradebe/.m2/repository/io/cucumber/create-meta/4.0.0/create-meta-4.0.0.jar:/Users/sibusisoradebe/.m2/repository/io/cucumber/cucumber-testng/6.10.4/cucumber-testng-6.10.4.jar:/Users/sibusisoradebe/.m2/repository/org/testng/testng/6.9.9/testng-6.9.9.jar:/Users/sibusisoradebe/.m2/repository/junit/junit/4.10/junit-4.10.jar:/Users/sibusisoradebe/.m2/repository/com/beust/jcommander/1.48/jcommander-1.48.jar:/Users/sibusisoradebe/.m2/repository/org/apache/ant/ant/1.7.0/ant-1.7.0.jar:/Users/sibusisoradebe/.m2/repository/org/apache/ant/ant-launcher/1.7.0/ant-launcher-1.7.0.jar:/Users/sibusisoradebe/.m2/repository/org/yaml/snakeyaml/1.15/snakeyaml-1.15.jar:/Users/sibusisoradebe/.m2/repository/org/beanshell/bsh/2.0b4/bsh-2.0b4.jar:/Users/sibusisoradebe/.m2/repository/org/hamcrest/java-hamcrest/2.0.0.0/java-hamcrest-2.0.0.0.jar:/Users/sibusisoradebe/.m2/repository/org/hamcrest/hamcrest-core/2.1/hamcrest-core-2.1.jar:/Users/sibusisoradebe/.m2/repository/org/hamcrest/hamcrest/2.1/hamcrest-2.1.jar:/Users/sibusisoradebe/.m2/repository/ch/qos/logback/logback-core/1.2.3/logback-core-1.2.3.jar:/Users/sibusisoradebe/.m2/repository/ch/qos/logback/logback-classic/1.2.3/logback-classic-1.2.3.jar:/Users/sibusisoradebe/.m2/repository/org/slf4j/slf4j-api/1.7.30/slf4j-api-1.7.30.jar:/Users/sibusisoradebe/.m2/repository/org/seleniumhq/selenium/selenium-java/3.141.59/selenium-java-3.141.59.jar:/Users/sibusisoradebe/.m2/repository/org/seleniumhq/selenium/selenium-api/3.141.59/selenium-api-3.141.59.jar:/Users/sibusisoradebe/.m2/repository/org/seleniumhq/selenium/selenium-chrome-driver/3.141.59/selenium-chrome-driver-3.141.59.jar:/Users/sibusisoradebe/.m2/repository/org/seleniumhq/selenium/selenium-edge-driver/3.141.59/selenium-edge-driver-3.141.59.jar:/Users/sibusisoradebe/.m2/repository/org/seleniumhq/selenium/selenium-firefox-driver/3.141.59/selenium-firefox-driver-3.141.59.jar:/Users/sibusisoradebe/.m2/repository/org/seleniumhq/selenium/selenium-ie-driver/3.141.59/selenium-ie-driver-3.141.59.jar:/Users/sibusisoradebe/.m2/repository/org/seleniumhq/selenium/selenium-opera-driver/3.141.59/selenium-opera-driver-3.141.59.jar:/Users/sibusisoradebe/.m2/repository/org/seleniumhq/selenium/selenium-remote-driver/3.141.59/selenium-remote-driver-3.141.59.jar:/Users/sibusisoradebe/.m2/repository/org/seleniumhq/selenium/selenium-safari-driver/3.141.59/selenium-safari-driver-3.141.59.jar:/Users/sibusisoradebe/.m2/repository/org/seleniumhq/selenium/selenium-support/3.141.59/selenium-support-3.141.59.jar:/Users/sibusisoradebe/.m2/repository/net/bytebuddy/byte-buddy/1.8.15/byte-buddy-1.8.15.jar:/Users/sibusisoradebe/.m2/repository/org/apache/commons/commons-exec/1.3/commons-exec-1.3.jar:/Users/sibusisoradebe/.m2/repository/com/google/guava/guava/25.0-jre/guava-25.0-jre.jar:/Users/sibusisoradebe/.m2/repository/com/google/code/findbugs/jsr305/1.3.9/jsr305-1.3.9.jar:/Users/sibusisoradebe/.m2/repository/org/checkerframework/checker-compat-qual/2.0.0/checker-compat-qual-2.0.0.jar:/Users/sibusisoradebe/.m2/repository/com/google/errorprone/error_prone_annotations/2.1.3/error_prone_annotations-2.1.3.jar:/Users/sibusisoradebe/.m2/repository/com/google/j2objc/j2objc-annotations/1.1/j2objc-annotations-1.1.jar:/Users/sibusisoradebe/.m2/repository/org/codehaus/mojo/animal-sniffer-annotations/1.14/animal-sniffer-annotations-1.14.jar:/Users/sibusisoradebe/.m2/repository/com/squareup/okhttp3/okhttp/3.11.0/okhttp-3.11.0.jar:/Users/sibusisoradebe/.m2/repository/com/squareup/okio/okio/1.14.0/okio-1.14.0.jar:/Users/sibusisoradebe/.m2/repository/io/github/bonigarcia/webdrivermanager/4.4.3/webdrivermanager-4.4.3.jar:/Users/sibusisoradebe/.m2/repository/commons-io/commons-io/2.8.0/commons-io-2.8.0.jar:/Users/sibusisoradebe/.m2/repository/com/google/code/gson/gson/2.8.6/gson-2.8.6.jar:/Users/sibusisoradebe/.m2/repository/org/apache/commons/commons-lang3/3.12.0/commons-lang3-3.12.0.jar:/Users/sibusisoradebe/.m2/repository/org/apache/httpcomponents/client5/httpclient5/5.0.3/httpclient5-5.0.3.jar:/Users/sibusisoradebe/.m2/repository/org/apache/httpcomponents/core5/httpcore5/5.0.2/httpcore5-5.0.2.jar:/Users/sibusisoradebe/.m2/repository/org/apache/httpcomponents/core5/httpcore5-h2/5.0.2/httpcore5-h2-5.0.2.jar:/Users/sibusisoradebe/.m2/repository/commons-codec/commons-codec/1.13/commons-codec-1.13.jar:/Users/sibusisoradebe/.m2/repository/org/rauschig/jarchivelib/1.1.0/jarchivelib-1.1.0.jar:/Users/sibusisoradebe/.m2/repository/org/apache/commons/commons-compress/1.20/commons-compress-1.20.jar:/Users/sibusisoradebe/.m2/repository/org/jsoup/jsoup/1.13.1/jsoup-1.13.1.jar:/Users/sibusisoradebe/.m2/repository/net/masterthought/cucumber-reporting/5.6.0/cucumber-reporting-5.6.0.jar:/Users/sibusisoradebe/.m2/repository/com/fasterxml/jackson/core/jackson-databind/2.12.1/jackson-databind-2.12.1.jar:/Users/sibusisoradebe/.m2/repository/com/fasterxml/jackson/core/jackson-annotations/2.12.1/jackson-annotations-2.12.1.jar:/Users/sibusisoradebe/.m2/repository/com/fasterxml/jackson/core/jackson-core/2.12.1/jackson-core-2.12.1.jar:/Users/sibusisoradebe/.m2/repository/com/fasterxml/jackson/datatype/jackson-datatype-jsr310/2.12.1/jackson-datatype-jsr310-2.12.1.jar:/Users/sibusisoradebe/.m2/repository/org/apache/velocity/velocity-engine-core/2.3/velocity-engine-core-2.3.jar:/Users/sibusisoradebe/.m2/repository/commons-collections/commons-collections/3.2.2/commons-collections-3.2.2.jar:/Users/sibusisoradebe/.m2/repository/joda-time/joda-time/2.10.10/joda-time-2.10.10.jar:/Users/sibusisoradebe/.m2/repository/org/codehaus/plexus/plexus-utils/3.3.0/plexus-utils-3.3.0.jar:/Users/sibusisoradebe/.m2/repository/com/googlecode/owasp-java-html-sanitizer/owasp-java-html-sanitizer/20200713.1/owasp-java-html-sanitizer-20200713.1.jar:/Users/sibusisoradebe/.m2/repository/commons-configuration/commons-configuration/1.10/commons-configuration-1.10.jar:/Users/sibusisoradebe/.m2/repository/commons-lang/commons-lang/2.6/commons-lang-2.6.jar:/Users/sibusisoradebe/.m2/repository/commons-logging/commons-logging/1.1.1/commons-logging-1.1.1.jar:"/>
    <property name="java.vm.vendor" value="Oracle Corporation"/>
    <property name="sun.arch.data.model" value="64"/>
    <property name="java.vendor.url" value="http://java.oracle.com/"/>
    <property name="user.timezone" value="Asia/Kuwait"/>
    <property name="java.vm.specification.version" value="1.8"/>
    <property name="os.name" value="Mac OS X"/>
    <property name="user.country" value="KW"/>
    <property name="sun.java.launcher" value="SUN_STANDARD"/>
    <property name="sun.boot.library.path" value="/Library/Java/JavaVirtualMachines/jdk1.8.0_241.jdk/Contents/Home/jre/lib"/>
    <property name="sun.java.command" value="/Users/sibusisoradebe/IdeaProjects/softwareTestingAssesment/automationSolution/target/surefire/surefirebooter5312683513021391722.jar /Users/sibusisoradebe/IdeaProjects/softwareTestingAssesment/automationSolution/target/surefire 2021-10-24T19-09-08_196-jvmRun1 surefire4978876596232613952tmp surefire_05080085985280469546tmp"/>
    <property name="http.nonProxyHosts" value="local|*.local|169.254/16|*.169.254/16"/>
    <property name="surefire.test.class.path" value="/Users/sibusisoradebe/IdeaProjects/softwareTestingAssesment/automationSolution/target/test-classes:/Users/sibusisoradebe/IdeaProjects/softwareTestingAssesment/automationSolution/target/classes:/Users/sibusisoradebe/.m2/repository/io/cucumber/cucumber-java/6.10.4/cucumber-java-6.10.4.jar:/Users/sibusisoradebe/.m2/repository/org/apiguardian/apiguardian-api/1.1.1/apiguardian-api-1.1.1.jar:/Users/sibusisoradebe/.m2/repository/io/cucumber/cucumber-core/6.10.4/cucumber-core-6.10.4.jar:/Users/sibusisoradebe/.m2/repository/io/cucumber/cucumber-gherkin/6.10.4/cucumber-gherkin-6.10.4.jar:/Users/sibusisoradebe/.m2/repository/io/cucumber/cucumber-gherkin-messages/6.10.4/cucumber-gherkin-messages-6.10.4.jar:/Users/sibusisoradebe/.m2/repository/io/cucumber/messages/15.0.0/messages-15.0.0.jar:/Users/sibusisoradebe/.m2/repository/io/cucumber/tag-expressions/3.0.1/tag-expressions-3.0.1.jar:/Users/sibusisoradebe/.m2/repository/io/cucumber/cucumber-expressions/10.3.0/cucumber-expressions-10.3.0.jar:/Users/sibusisoradebe/.m2/repository/io/cucumber/datatable/3.5.0/datatable-3.5.0.jar:/Users/sibusisoradebe/.m2/repository/io/cucumber/cucumber-plugin/6.10.4/cucumber-plugin-6.10.4.jar:/Users/sibusisoradebe/.m2/repository/io/cucumber/docstring/6.10.4/docstring-6.10.4.jar:/Users/sibusisoradebe/.m2/repository/io/cucumber/html-formatter/13.0.0/html-formatter-13.0.0.jar:/Users/sibusisoradebe/.m2/repository/io/cucumber/create-meta/4.0.0/create-meta-4.0.0.jar:/Users/sibusisoradebe/.m2/repository/io/cucumber/cucumber-testng/6.10.4/cucumber-testng-6.10.4.jar:/Users/sibusisoradebe/.m2/repository/org/testng/testng/6.9.9/testng-6.9.9.jar:/Users/sibusisoradebe/.m2/repository/junit/junit/4.10/junit-4.10.jar:/Users/sibusisoradebe/.m2/repository/com/beust/jcommander/1.48/jcommander-1.48.jar:/Users/sibusisoradebe/.m2/repository/org/apache/ant/ant/1.7.0/ant-1.7.0.jar:/Users/sibusisoradebe/.m2/repository/org/apache/ant/ant-launcher/1.7.0/ant-launcher-1.7.0.jar:/Users/sibusisoradebe/.m2/repository/org/yaml/snakeyaml/1.15/snakeyaml-1.15.jar:/Users/sibusisoradebe/.m2/repository/org/beanshell/bsh/2.0b4/bsh-2.0b4.jar:/Users/sibusisoradebe/.m2/repository/org/hamcrest/java-hamcrest/2.0.0.0/java-hamcrest-2.0.0.0.jar:/Users/sibusisoradebe/.m2/repository/org/hamcrest/hamcrest-core/2.1/hamcrest-core-2.1.jar:/Users/sibusisoradebe/.m2/repository/org/hamcrest/hamcrest/2.1/hamcrest-2.1.jar:/Users/sibusisoradebe/.m2/repository/ch/qos/logback/logback-core/1.2.3/logback-core-1.2.3.jar:/Users/sibusisoradebe/.m2/repository/ch/qos/logback/logback-classic/1.2.3/logback-classic-1.2.3.jar:/Users/sibusisoradebe/.m2/repository/org/slf4j/slf4j-api/1.7.30/slf4j-api-1.7.30.jar:/Users/sibusisoradebe/.m2/repository/org/seleniumhq/selenium/selenium-java/3.141.59/selenium-java-3.141.59.jar:/Users/sibusisoradebe/.m2/repository/org/seleniumhq/selenium/selenium-api/3.141.59/selenium-api-3.141.59.jar:/Users/sibusisoradebe/.m2/repository/org/seleniumhq/selenium/selenium-chrome-driver/3.141.59/selenium-chrome-driver-3.141.59.jar:/Users/sibusisoradebe/.m2/repository/org/seleniumhq/selenium/selenium-edge-driver/3.141.59/selenium-edge-driver-3.141.59.jar:/Users/sibusisoradebe/.m2/repository/org/seleniumhq/selenium/selenium-firefox-driver/3.141.59/selenium-firefox-driver-3.141.59.jar:/Users/sibusisoradebe/.m2/repository/org/seleniumhq/selenium/selenium-ie-driver/3.141.59/selenium-ie-driver-3.141.59.jar:/Users/sibusisoradebe/.m2/repository/org/seleniumhq/selenium/selenium-opera-driver/3.141.59/selenium-opera-driver-3.141.59.jar:/Users/sibusisoradebe/.m2/repository/org/seleniumhq/selenium/selenium-remote-driver/3.141.59/selenium-remote-driver-3.141.59.jar:/Users/sibusisoradebe/.m2/repository/org/seleniumhq/selenium/selenium-safari-driver/3.141.59/selenium-safari-driver-3.141.59.jar:/Users/sibusisoradebe/.m2/repository/org/seleniumhq/selenium/selenium-support/3.141.59/selenium-support-3.141.59.jar:/Users/sibusisoradebe/.m2/repository/net/bytebuddy/byte-buddy/1.8.15/byte-buddy-1.8.15.jar:/Users/sibusisoradebe/.m2/repository/org/apache/commons/commons-exec/1.3/commons-exec-1.3.jar:/Users/sibusisoradebe/.m2/repository/com/google/guava/guava/25.0-jre/guava-25.0-jre.jar:/Users/sibusisoradebe/.m2/repository/com/google/code/findbugs/jsr305/1.3.9/jsr305-1.3.9.jar:/Users/sibusisoradebe/.m2/repository/org/checkerframework/checker-compat-qual/2.0.0/checker-compat-qual-2.0.0.jar:/Users/sibusisoradebe/.m2/repository/com/google/errorprone/error_prone_annotations/2.1.3/error_prone_annotations-2.1.3.jar:/Users/sibusisoradebe/.m2/repository/com/google/j2objc/j2objc-annotations/1.1/j2objc-annotations-1.1.jar:/Users/sibusisoradebe/.m2/repository/org/codehaus/mojo/animal-sniffer-annotations/1.14/animal-sniffer-annotations-1.14.jar:/Users/sibusisoradebe/.m2/repository/com/squareup/okhttp3/okhttp/3.11.0/okhttp-3.11.0.jar:/Users/sibusisoradebe/.m2/repository/com/squareup/okio/okio/1.14.0/okio-1.14.0.jar:/Users/sibusisoradebe/.m2/repository/io/github/bonigarcia/webdrivermanager/4.4.3/webdrivermanager-4.4.3.jar:/Users/sibusisoradebe/.m2/repository/commons-io/commons-io/2.8.0/commons-io-2.8.0.jar:/Users/sibusisoradebe/.m2/repository/com/google/code/gson/gson/2.8.6/gson-2.8.6.jar:/Users/sibusisoradebe/.m2/repository/org/apache/commons/commons-lang3/3.12.0/commons-lang3-3.12.0.jar:/Users/sibusisoradebe/.m2/repository/org/apache/httpcomponents/client5/httpclient5/5.0.3/httpclient5-5.0.3.jar:/Users/sibusisoradebe/.m2/repository/org/apache/httpcomponents/core5/httpcore5/5.0.2/httpcore5-5.0.2.jar:/Users/sibusisoradebe/.m2/repository/org/apache/httpcomponents/core5/httpcore5-h2/5.0.2/httpcore5-h2-5.0.2.jar:/Users/sibusisoradebe/.m2/repository/commons-codec/commons-codec/1.13/commons-codec-1.13.jar:/Users/sibusisoradebe/.m2/repository/org/rauschig/jarchivelib/1.1.0/jarchivelib-1.1.0.jar:/Users/sibusisoradebe/.m2/repository/org/apache/commons/commons-compress/1.20/commons-compress-1.20.jar:/Users/sibusisoradebe/.m2/repository/org/jsoup/jsoup/1.13.1/jsoup-1.13.1.jar:/Users/sibusisoradebe/.m2/repository/net/masterthought/cucumber-reporting/5.6.0/cucumber-reporting-5.6.0.jar:/Users/sibusisoradebe/.m2/repository/com/fasterxml/jackson/core/jackson-databind/2.12.1/jackson-databind-2.12.1.jar:/Users/sibusisoradebe/.m2/repository/com/fasterxml/jackson/core/jackson-annotations/2.12.1/jackson-annotations-2.12.1.jar:/Users/sibusisoradebe/.m2/repository/com/fasterxml/jackson/core/jackson-core/2.12.1/jackson-core-2.12.1.jar:/Users/sibusisoradebe/.m2/repository/com/fasterxml/jackson/datatype/jackson-datatype-jsr310/2.12.1/jackson-datatype-jsr310-2.12.1.jar:/Users/sibusisoradebe/.m2/repository/org/apache/velocity/velocity-engine-core/2.3/velocity-engine-core-2.3.jar:/Users/sibusisoradebe/.m2/repository/commons-collections/commons-collections/3.2.2/commons-collections-3.2.2.jar:/Users/sibusisoradebe/.m2/repository/joda-time/joda-time/2.10.10/joda-time-2.10.10.jar:/Users/sibusisoradebe/.m2/repository/org/codehaus/plexus/plexus-utils/3.3.0/plexus-utils-3.3.0.jar:/Users/sibusisoradebe/.m2/repository/com/googlecode/owasp-java-html-sanitizer/owasp-java-html-sanitizer/20200713.1/owasp-java-html-sanitizer-20200713.1.jar:/Users/sibusisoradebe/.m2/repository/commons-configuration/commons-configuration/1.10/commons-configuration-1.10.jar:/Users/sibusisoradebe/.m2/repository/commons-lang/commons-lang/2.6/commons-lang-2.6.jar:/Users/sibusisoradebe/.m2/repository/commons-logging/commons-logging/1.1.1/commons-logging-1.1.1.jar:"/>
    <property name="sun.cpu.endian" value="little"/>
    <property name="user.home" value="/Users/sibusisoradebe"/>
    <property name="user.language" value="en"/>
    <property name="java.specification.vendor" value="Oracle Corporation"/>
    <property name="java.home" value="/Library/Java/JavaVirtualMachines/jdk1.8.0_241.jdk/Contents/Home/jre"/>
    <property name="basedir" value="/Users/sibusisoradebe/IdeaProjects/softwareTestingAssesment/automationSolution"/>
    <property name="file.separator" value="/"/>
    <property name="line.separator" value="&#10;"/>
    <property name="java.vm.specification.vendor" value="Oracle Corporation"/>
    <property name="java.specification.name" value="Java Platform API Specification"/>
    <property name="java.awt.graphicsenv" value="sun.awt.CGraphicsEnvironment"/>
    <property name="surefire.real.class.path" value="/Users/sibusisoradebe/IdeaProjects/softwareTestingAssesment/automationSolution/target/surefire/surefirebooter5312683513021391722.jar"/>
    <property name="sun.boot.class.path" value="/Library/Java/JavaVirtualMachines/jdk1.8.0_241.jdk/Contents/Home/jre/lib/resources.jar:/Library/Java/JavaVirtualMachines/jdk1.8.0_241.jdk/Contents/Home/jre/lib/rt.jar:/Library/Java/JavaVirtualMachines/jdk1.8.0_241.jdk/Contents/Home/jre/lib/sunrsasign.jar:/Library/Java/JavaVirtualMachines/jdk1.8.0_241.jdk/Contents/Home/jre/lib/jsse.jar:/Library/Java/JavaVirtualMachines/jdk1.8.0_241.jdk/Contents/Home/jre/lib/jce.jar:/Library/Java/JavaVirtualMachines/jdk1.8.0_241.jdk/Contents/Home/jre/lib/charsets.jar:/Library/Java/JavaVirtualMachines/jdk1.8.0_241.jdk/Contents/Home/jre/lib/jfr.jar:/Library/Java/JavaVirtualMachines/jdk1.8.0_241.jdk/Contents/Home/jre/classes"/>
    <property name="sun.management.compiler" value="HotSpot 64-Bit Tiered Compilers"/>
    <property name="ftp.nonProxyHosts" value="local|*.local|169.254/16|*.169.254/16"/>
    <property name="java.runtime.version" value="1.8.0_241-b07"/>
    <property name="user.name" value="sibusisoradebe"/>
    <property name="path.separator" value=":"/>
    <property name="os.version" value="10.16"/>
    <property name="java.endorsed.dirs" value="/Library/Java/JavaVirtualMachines/jdk1.8.0_241.jdk/Contents/Home/jre/lib/endorsed"/>
    <property name="java.runtime.name" value="Java(TM) SE Runtime Environment"/>
    <property name="file.encoding" value="UTF-8"/>
    <property name="java.vm.name" value="Java HotSpot(TM) 64-Bit Server VM"/>
    <property name="localRepository" value="/Users/sibusisoradebe/.m2/repository"/>
    <property name="java.vendor.url.bug" value="http://bugreport.sun.com/bugreport/"/>
    <property name="java.io.tmpdir" value="/var/folders/74/ljl60x9130xdhmvhrw178m700000gp/T/"/>
    <property name="java.version" value="1.8.0_241"/>
    <property name="user.dir" value="/Users/sibusisoradebe/IdeaProjects/softwareTestingAssesment/automationSolution"/>
    <property name="os.arch" value="x86_64"/>
    <property name="java.vm.specification.name" value="Java Virtual Machine Specification"/>
    <property name="java.awt.printerjob" value="sun.lwawt.macosx.CPrinterJob"/>
    <property name="sun.os.patch.level" value="unknown"/>
    <property name="java.library.path" value="/Users/sibusisoradebe/Library/Java/Extensions:/Library/Java/Extensions:/Network/Library/Java/Extensions:/System/Library/Java/Extensions:/usr/lib/java:."/>
    <property name="java.vm.info" value="mixed mode"/>
    <property name="java.vendor" value="Oracle Corporation"/>
    <property name="java.vm.version" value="25.241-b07"/>
    <property name="java.ext.dirs" value="/Users/sibusisoradebe/Library/Java/Extensions:/Library/Java/JavaVirtualMachines/jdk1.8.0_241.jdk/Contents/Home/jre/lib/ext:/Library/Java/Extensions:/Network/Library/Java/Extensions:/System/Library/Java/Extensions:/usr/lib/java"/>
    <property name="sun.io.unicode.encoding" value="UnicodeBig"/>
    <property name="java.class.version" value="52.0"/>
    <property name="socksNonProxyHosts" value="local|*.local|169.254/16|*.169.254/16"/>
  </properties>
  <testcase name="scenario" classname="co.za.testing.runner.WebTestRunner" time="13.984"/>
</testsuite>