<?xml version="1.0" encoding="UTF-8"?>
<!-- Generated by org.testng.reporters.JUnitReportReporter -->
<testsuite hostname="Digitals-MBP" name="co.za.testing.runner.WebTestRunner" tests="1" failures="0" timestamp="24 Oct 2021 16:09:26 GMT" time="13.982" errors="0">
  <testcase name="scenario" time="13.982" classname="co.za.testing.runner.WebTestRunner"/>
</testsuite> <!-- co.za.testing.runner.WebTestRunner -->
